{"total": {"lines":{"total":268,"covered":218,"skipped":0,"pct":81.34},"statements":{"total":285,"covered":230,"skipped":0,"pct":80.7},"functions":{"total":63,"covered":49,"skipped":0,"pct":77.77},"branches":{"total":196,"covered":141,"skipped":0,"pct":71.93},"branchesTrue":{"total":0,"covered":0,"skipped":0,"pct":100}}
,"/app/src/App.tsx": {"lines":{"total":1,"covered":1,"skipped":0,"pct":100},"functions":{"total":1,"covered":1,"skipped":0,"pct":100},"statements":{"total":1,"covered":1,"skipped":0,"pct":100},"branches":{"total":0,"covered":0,"skipped":0,"pct":100}}
,"/app/src/api/auth.js": {"lines":{"total":13,"covered":13,"skipped":0,"pct":100},"functions":{"total":6,"covered":6,"skipped":0,"pct":100},"statements":{"total":14,"covered":14,"skipped":0,"pct":100},"branches":{"total":14,"covered":13,"skipped":0,"pct":92.85}}
,"/app/src/auth/AuthContext.tsx": {"lines":{"total":25,"covered":21,"skipped":0,"pct":84},"functions":{"total":5,"covered":4,"skipped":0,"pct":80},"statements":{"total":28,"covered":23,"skipped":0,"pct":82.14},"branches":{"total":6,"covered":5,"skipped":0,"pct":83.33}}
,"/app/src/auth/AuthProvider.jsx": {"lines":{"total":1,"covered":1,"skipped":0,"pct":100},"functions":{"total":1,"covered":1,"skipped":0,"pct":100},"statements":{"total":1,"covered":1,"skipped":0,"pct":100},"branches":{"total":0,"covered":0,"skipped":0,"pct":100}}
,"/app/src/auth/ProtectedRoute.tsx": {"lines":{"total":7,"covered":7,"skipped":0,"pct":100},"functions":{"total":2,"covered":2,"skipped":0,"pct":100},"statements":{"total":10,"covered":10,"skipped":0,"pct":100},"branches":{"total":6,"covered":6,"skipped":0,"pct":100}}
,"/app/src/auth/PublicOnlyRoute.tsx": {"lines":{"total":4,"covered":4,"skipped":0,"pct":100},"functions":{"total":1,"covered":1,"skipped":0,"pct":100},"statements":{"total":6,"covered":6,"skipped":0,"pct":100},"branches":{"total":4,"covered":4,"skipped":0,"pct":100}}
,"/app/src/components/Button.tsx": {"lines":{"total":5,"covered":5,"skipped":0,"pct":100},"functions":{"total":2,"covered":2,"skipped":0,"pct":100},"statements":{"total":5,"covered":5,"skipped":0,"pct":100},"branches":{"total":2,"covered":2,"skipped":0,"pct":100}}
,"/app/src/components/Card.tsx": {"lines":{"total":1,"covered":1,"skipped":0,"pct":100},"functions":{"total":1,"covered":1,"skipped":0,"pct":100},"statements":{"total":1,"covered":1,"skipped":0,"pct":100},"branches":{"total":8,"covered":8,"skipped":0,"pct":100}}
,"/app/src/components/Header.tsx": {"lines":{"total":6,"covered":4,"skipped":0,"pct":66.66},"functions":{"total":2,"covered":1,"skipped":0,"pct":50},"statements":{"total":6,"covered":4,"skipped":0,"pct":66.66},"branches":{"total":2,"covered":1,"skipped":0,"pct":50}}
,"/app/src/components/Layout.tsx": {"lines":{"total":4,"covered":4,"skipped":0,"pct":100},"functions":{"total":3,"covered":3,"skipped":0,"pct":100},"statements":{"total":4,"covered":4,"skipped":0,"pct":100},"branches":{"total":0,"covered":0,"skipped":0,"pct":100}}
,"/app/src/components/SideNav.tsx": {"lines":{"total":14,"covered":8,"skipped":0,"pct":57.14},"functions":{"total":8,"covered":4,"skipped":0,"pct":50},"statements":{"total":14,"covered":8,"skipped":0,"pct":57.14},"branches":{"total":4,"covered":3,"skipped":0,"pct":75}}
,"/app/src/components/Sidebar.tsx": {"lines":{"total":1,"covered":1,"skipped":0,"pct":100},"functions":{"total":1,"covered":1,"skipped":0,"pct":100},"statements":{"total":1,"covered":1,"skipped":0,"pct":100},"branches":{"total":4,"covered":4,"skipped":0,"pct":100}}
,"/app/src/components/Tag.tsx": {"lines":{"total":1,"covered":1,"skipped":0,"pct":100},"functions":{"total":1,"covered":1,"skipped":0,"pct":100},"statements":{"total":1,"covered":1,"skipped":0,"pct":100},"branches":{"total":0,"covered":0,"skipped":0,"pct":100}}
,"/app/src/pages/Home.tsx": {"lines":{"total":1,"covered":1,"skipped":0,"pct":100},"functions":{"total":1,"covered":1,"skipped":0,"pct":100},"statements":{"total":1,"covered":1,"skipped":0,"pct":100},"branches":{"total":0,"covered":0,"skipped":0,"pct":100}}
,"/app/src/pages/Login.tsx": {"lines":{"total":28,"covered":26,"skipped":0,"pct":92.85},"functions":{"total":5,"covered":3,"skipped":0,"pct":60},"statements":{"total":30,"covered":27,"skipped":0,"pct":90},"branches":{"total":20,"covered":15,"skipped":0,"pct":75}}
,"/app/src/pages/Register.tsx": {"lines":{"total":34,"covered":30,"skipped":0,"pct":88.23},"functions":{"total":6,"covered":4,"skipped":0,"pct":66.66},"statements":{"total":36,"covered":31,"skipped":0,"pct":86.11},"branches":{"total":26,"covered":20,"skipped":0,"pct":76.92}}
,"/app/src/pages/Tutor.tsx": {"lines":{"total":119,"covered":88,"skipped":0,"pct":73.94},"functions":{"total":16,"covered":13,"skipped":0,"pct":81.25},"statements":{"total":123,"covered":90,"skipped":0,"pct":73.17},"branches":{"total":100,"covered":60,"skipped":0,"pct":60}}
,"/app/src/routes/Router.tsx": {"lines":{"total":3,"covered":2,"skipped":0,"pct":66.66},"functions":{"total":1,"covered":0,"skipped":0,"pct":0},"statements":{"total":3,"covered":2,"skipped":0,"pct":66.66},"branches":{"total":0,"covered":0,"skipped":0,"pct":100}}
}
