TN:
SF:src/App.tsx
FN:5,App
FNF:1
FNH:1
FNDA:1,App
DA:6,1
LF:1
LH:1
BRF:0
BRH:0
end_of_record
TN:
SF:src/components/Button.tsx
FN:9,Button
FN:10,(anonymous_1)
FNF:2
FNH:2
FNDA:98,Button
FNDA:12,(anonymous_1)
DA:10,98
DA:12,12
DA:13,12
DA:19,12
DA:22,98
LF:5
LH:5
BRDA:9,0,0,91
BRDA:9,1,0,8
BRF:2
BRH:2
end_of_record
TN:
SF:src/components/Card.tsx
FN:10,Card
FNF:1
FNH:1
FNDA:61,Card
DA:11,61
LF:1
LH:1
BRDA:10,0,0,24
BRDA:13,1,0,61
BRDA:13,1,1,4
BRDA:13,1,2,58
BRDA:15,2,0,58
BRDA:15,2,1,57
BRDA:16,3,0,58
BRDA:16,3,1,39
BRF:8
BRH:8
end_of_record
TN:
SF:src/components/Header.tsx
FN:4,Header
FNF:1
FNH:1
FNDA:1,Header
DA:5,1
LF:1
LH:1
BRF:0
BRH:0
end_of_record
TN:
SF:src/components/Layout.tsx
FN:6,Layout
FN:11,(anonymous_1)
FN:27,(anonymous_2)
FNF:3
FNH:3
FNDA:5,Layout
FNDA:2,(anonymous_1)
FNDA:1,(anonymous_2)
DA:7,5
DA:9,5
DA:11,2
DA:27,1
LF:4
LH:4
BRF:0
BRH:0
end_of_record
TN:
SF:src/components/SideNav.tsx
FN:6,SideNav
FN:15,(anonymous_1)
FN:20,(anonymous_2)
FNF:3
FNH:3
FNDA:16,SideNav
FNDA:80,(anonymous_1)
FNDA:85,(anonymous_2)
DA:4,4
DA:7,16
DA:16,80
DA:21,85
LF:4
LH:4
BRDA:21,0,0,17
BRDA:21,0,1,68
BRF:2
BRH:2
end_of_record
TN:
SF:src/components/Sidebar.tsx
FN:4,Sidebar
FNF:1
FNH:1
FNDA:9,Sidebar
DA:5,9
LF:1
LH:1
BRDA:7,0,0,9
BRDA:7,0,1,5
BRDA:13,1,0,5
BRDA:13,1,1,4
BRF:4
BRH:4
end_of_record
TN:
SF:src/components/Tag.tsx
FN:3,Tag
FNF:1
FNH:1
FNDA:13,Tag
DA:4,13
LF:1
LH:1
BRF:0
BRH:0
end_of_record
TN:
SF:src/pages/Home.tsx
FN:5,Home
FNF:1
FNH:1
FNDA:1,Home
DA:6,1
LF:1
LH:1
BRF:0
BRH:0
end_of_record
TN:
SF:src/pages/Login.tsx
FN:5,Login
FN:13,(anonymous_1)
FN:17,(anonymous_2)
FNF:3
FNH:2
FNDA:17,Login
FNDA:16,(anonymous_1)
FNDA:0,(anonymous_2)
DA:6,17
DA:7,17
DA:8,17
DA:13,17
DA:14,16
DA:17,17
DA:18,0
DA:19,0
DA:21,0
DA:22,0
DA:23,0
DA:32,0
DA:33,0
DA:35,0
DA:36,0
DA:41,0
DA:43,0
DA:47,17
LF:18
LH:7
BRDA:33,0,0,0
BRDA:33,0,1,0
BRDA:33,1,0,0
BRDA:33,1,1,0
BRDA:81,2,0,17
BRDA:81,2,1,0
BRDA:84,3,0,0
BRDA:84,3,1,0
BRDA:94,4,0,0
BRDA:94,4,1,17
BRF:10
BRH:2
end_of_record
TN:
SF:src/pages/Projects.tsx
FN:6,Projects
FN:39,(anonymous_1)
FNF:2
FNH:2
FNDA:1,Projects
FNDA:3,(anonymous_1)
DA:7,1
DA:40,3
LF:2
LH:2
BRDA:43,0,0,1
BRDA:43,0,1,2
BRDA:45,1,0,1
BRDA:45,1,1,1
BRF:4
BRH:4
end_of_record
TN:
SF:src/pages/Register.tsx
FN:5,Register
FN:18,(anonymous_1)
FN:22,(anonymous_2)
FNF:3
FNH:1
FNDA:1,Register
FNDA:0,(anonymous_1)
FNDA:0,(anonymous_2)
DA:6,1
DA:12,1
DA:13,1
DA:18,1
DA:19,0
DA:22,1
DA:23,0
DA:24,0
DA:26,0
DA:27,0
DA:28,0
DA:31,0
DA:32,0
DA:33,0
DA:43,0
DA:44,0
DA:46,0
DA:47,0
DA:49,0
DA:51,0
DA:55,1
LF:21
LH:6
BRDA:26,0,0,0
BRDA:26,0,1,0
BRDA:44,1,0,0
BRDA:44,1,1,0
BRDA:44,2,0,0
BRDA:44,2,1,0
BRDA:118,3,0,1
BRDA:118,3,1,0
BRDA:121,4,0,0
BRDA:121,4,1,0
BRDA:131,5,0,0
BRDA:131,5,1,1
BRF:12
BRH:2
end_of_record
TN:
SF:src/pages/Tutor.tsx
FN:16,Tutor
FN:37,(anonymous_1)
FN:78,(anonymous_2)
FN:82,(anonymous_3)
FN:89,(anonymous_4)
FN:103,(anonymous_5)
FN:163,(anonymous_6)
FN:177,(anonymous_7)
FN:222,(anonymous_8)
FN:238,(anonymous_9)
FN:248,(anonymous_10)
FN:249,(anonymous_11)
FN:309,(anonymous_12)
FN:332,(anonymous_13)
FNF:14
FNH:2
FNDA:36,Tutor
FNDA:0,(anonymous_1)
FNDA:0,(anonymous_2)
FNDA:0,(anonymous_3)
FNDA:0,(anonymous_4)
FNDA:0,(anonymous_5)
FNDA:35,(anonymous_6)
FNDA:0,(anonymous_7)
FNDA:0,(anonymous_8)
FNDA:0,(anonymous_9)
FNDA:0,(anonymous_10)
FNDA:0,(anonymous_11)
FNDA:0,(anonymous_12)
FNDA:0,(anonymous_13)
DA:17,36
DA:18,36
DA:19,36
DA:20,36
DA:21,36
DA:22,36
DA:23,36
DA:24,36
DA:25,36
DA:26,36
DA:29,36
DA:30,36
DA:31,36
DA:32,36
DA:37,36
DA:38,0
DA:39,0
DA:40,0
DA:43,0
DA:44,0
DA:45,0
DA:46,0
DA:47,0
DA:48,0
DA:50,0
DA:51,0
DA:57,0
DA:58,0
DA:60,0
DA:61,0
DA:62,0
DA:63,0
DA:65,0
DA:68,0
DA:69,0
DA:71,0
DA:74,0
DA:78,36
DA:79,0
DA:80,0
DA:82,0
DA:83,0
DA:84,0
DA:85,0
DA:86,0
DA:89,0
DA:90,0
DA:94,0
DA:97,0
DA:98,0
DA:99,0
DA:103,36
DA:104,0
DA:105,0
DA:106,0
DA:108,0
DA:109,0
DA:114,0
DA:115,0
DA:116,0
DA:117,0
DA:119,0
DA:122,0
DA:126,36
DA:163,35
DA:177,0
DA:223,0
DA:239,0
DA:249,0
DA:309,0
DA:334,0
DA:335,0
DA:338,0
DA:339,0
DA:340,0
DA:343,0
DA:344,0
DA:345,0
DA:348,0
DA:349,0
DA:350,0
DA:353,0
DA:355,0
DA:356,0
DA:362,0
DA:364,0
DA:365,0
DA:368,0
DA:370,0
DA:372,0
LF:90
LH:19
BRDA:38,0,0,0
BRDA:38,0,1,0
BRDA:58,1,0,0
BRDA:58,1,1,0
BRDA:58,2,0,0
BRDA:58,2,1,0
BRDA:60,3,0,0
BRDA:60,3,1,0
BRDA:62,4,0,0
BRDA:62,4,1,0
BRDA:68,5,0,0
BRDA:68,5,1,0
BRDA:84,6,0,0
BRDA:84,6,1,0
BRDA:84,7,0,0
BRDA:84,7,1,0
BRDA:85,8,0,0
BRDA:85,8,1,0
BRDA:89,9,0,0
BRDA:89,9,1,0
BRDA:90,10,0,0
BRDA:90,10,1,0
BRDA:104,11,0,0
BRDA:104,11,1,0
BRDA:115,12,0,0
BRDA:115,12,1,0
BRDA:115,13,0,0
BRDA:115,13,1,0
BRDA:119,14,0,0
BRDA:119,14,1,0
BRDA:153,15,0,36
BRDA:153,15,1,0
BRDA:188,16,0,0
BRDA:188,16,1,36
BRDA:200,17,0,36
BRDA:200,17,1,0
BRDA:212,18,0,36
BRDA:212,18,1,0
BRDA:220,19,0,36
BRDA:220,19,1,0
BRDA:258,20,0,0
BRDA:258,20,1,0
BRDA:260,21,0,0
BRDA:260,21,1,0
BRDA:266,22,0,0
BRDA:266,22,1,0
BRDA:280,23,0,36
BRDA:280,23,1,0
BRDA:291,24,0,36
BRDA:291,24,1,0
BRDA:315,25,0,36
BRDA:315,25,1,0
BRDA:317,26,0,0
BRDA:317,26,1,0
BRDA:324,27,0,36
BRDA:324,27,1,0
BRDA:324,27,2,0
BRDA:338,28,0,0
BRDA:338,28,1,0
BRDA:343,29,0,0
BRDA:343,29,1,0
BRDA:348,30,0,0
BRDA:348,30,1,0
BRDA:364,31,0,0
BRDA:364,31,1,0
BRDA:365,32,0,0
BRDA:365,32,1,0
BRDA:370,33,0,0
BRDA:370,33,1,0
BRDA:375,34,0,36
BRDA:375,34,1,36
BRDA:376,35,0,36
BRDA:376,35,1,0
BRDA:381,36,0,0
BRDA:381,36,1,36
BRDA:392,37,0,36
BRDA:392,37,1,0
BRDA:399,38,0,36
BRDA:399,38,1,0
BRF:79
BRH:15
end_of_record
TN:
SF:src/routes/Router.tsx
FN:9,(anonymous_0)
FNF:1
FNH:1
FNDA:1,(anonymous_0)
DA:9,2
DA:10,1
DA:16,2
LF:3
LH:3
BRF:0
BRH:0
end_of_record
