TN:
SF:src/App.tsx
FN:5,App
FNF:1
FNH:1
FNDA:1,App
DA:6,1
LF:1
LH:1
BRF:0
BRH:0
end_of_record
TN:
SF:src/components/Button.tsx
FN:9,Button
FN:10,(anonymous_1)
FNF:2
FNH:2
FNDA:704,Button
FNDA:18,(anonymous_1)
DA:10,704
DA:12,18
DA:13,18
DA:19,18
DA:22,704
LF:5
LH:5
BRDA:9,0,0,582
BRDA:9,1,0,8
BRF:2
BRH:2
end_of_record
TN:
SF:src/components/Card.tsx
FN:10,Card
FNF:1
FNH:1
FNDA:619,Card
DA:11,619
LF:1
LH:1
BRDA:10,0,0,193
BRDA:13,1,0,619
BRDA:13,1,1,232
BRDA:13,1,2,388
BRDA:15,2,0,388
BRDA:15,2,1,387
BRDA:16,3,0,388
BRDA:16,3,1,200
BRF:8
BRH:8
end_of_record
TN:
SF:src/components/Header.tsx
FN:4,Header
FNF:1
FNH:1
FNDA:1,Header
DA:5,1
LF:1
LH:1
BRF:0
BRH:0
end_of_record
TN:
SF:src/components/Layout.tsx
FN:6,Layout
FN:11,(anonymous_1)
FN:27,(anonymous_2)
FNF:3
FNH:3
FNDA:5,Layout
FNDA:2,(anonymous_1)
FNDA:1,(anonymous_2)
DA:7,5
DA:9,5
DA:11,2
DA:27,1
LF:4
LH:4
BRF:0
BRH:0
end_of_record
TN:
SF:src/components/SideNav.tsx
FN:6,SideNav
FN:15,(anonymous_1)
FN:20,(anonymous_2)
FNF:3
FNH:3
FNDA:16,SideNav
FNDA:80,(anonymous_1)
FNDA:85,(anonymous_2)
DA:4,4
DA:7,16
DA:16,80
DA:21,85
LF:4
LH:4
BRDA:21,0,0,17
BRDA:21,0,1,68
BRF:2
BRH:2
end_of_record
TN:
SF:src/components/Sidebar.tsx
FN:4,Sidebar
FNF:1
FNH:1
FNDA:9,Sidebar
DA:5,9
LF:1
LH:1
BRDA:7,0,0,9
BRDA:7,0,1,5
BRDA:13,1,0,5
BRDA:13,1,1,4
BRF:4
BRH:4
end_of_record
TN:
SF:src/components/Tag.tsx
FN:3,Tag
FNF:1
FNH:1
FNDA:13,Tag
DA:4,13
LF:1
LH:1
BRF:0
BRH:0
end_of_record
TN:
SF:src/pages/Home.tsx
FN:5,Home
FNF:1
FNH:1
FNDA:1,Home
DA:6,1
LF:1
LH:1
BRF:0
BRH:0
end_of_record
TN:
SF:src/pages/Login.tsx
FN:5,Login
FN:13,(anonymous_1)
FN:17,(anonymous_2)
FNF:3
FNH:3
FNDA:51,Login
FNDA:45,(anonymous_1)
FNDA:2,(anonymous_2)
DA:6,51
DA:7,51
DA:8,51
DA:13,51
DA:14,45
DA:17,51
DA:18,2
DA:19,2
DA:21,2
DA:22,2
DA:23,2
DA:32,2
DA:33,2
DA:35,1
DA:36,1
DA:41,1
DA:43,2
DA:47,51
LF:18
LH:18
BRDA:33,0,0,1
BRDA:33,0,1,1
BRDA:33,1,0,1
BRDA:33,1,1,0
BRDA:81,2,0,51
BRDA:81,2,1,2
BRDA:84,3,0,1
BRDA:84,3,1,1
BRDA:94,4,0,2
BRDA:94,4,1,49
BRF:10
BRH:9
end_of_record
TN:
SF:src/pages/Projects.tsx
FN:6,Projects
FN:39,(anonymous_1)
FNF:2
FNH:2
FNDA:1,Projects
FNDA:3,(anonymous_1)
DA:7,1
DA:40,3
LF:2
LH:2
BRDA:43,0,0,1
BRDA:43,0,1,2
BRDA:45,1,0,1
BRDA:45,1,1,1
BRF:4
BRH:4
end_of_record
TN:
SF:src/pages/Register.tsx
FN:5,Register
FN:18,(anonymous_1)
FN:22,(anonymous_2)
FNF:3
FNH:3
FNDA:136,Register
FNDA:127,(anonymous_1)
FNDA:3,(anonymous_2)
DA:6,136
DA:12,136
DA:13,136
DA:18,136
DA:19,127
DA:22,136
DA:23,3
DA:24,3
DA:26,3
DA:27,1
DA:28,1
DA:31,2
DA:32,2
DA:33,2
DA:43,2
DA:44,2
DA:46,1
DA:47,1
DA:49,1
DA:51,2
DA:55,136
LF:21
LH:21
BRDA:26,0,0,1
BRDA:26,0,1,2
BRDA:44,1,0,1
BRDA:44,1,1,1
BRDA:44,2,0,1
BRDA:44,2,1,0
BRDA:118,3,0,136
BRDA:118,3,1,3
BRDA:121,4,0,2
BRDA:121,4,1,1
BRDA:131,5,0,2
BRDA:131,5,1,134
BRF:12
BRH:11
end_of_record
TN:
SF:src/pages/Tutor.tsx
FN:16,Tutor
FN:37,(anonymous_1)
FN:78,(anonymous_2)
FN:82,(anonymous_3)
FN:89,(anonymous_4)
FN:103,(anonymous_5)
FN:163,(anonymous_6)
FN:177,(anonymous_7)
FN:222,(anonymous_8)
FN:238,(anonymous_9)
FN:248,(anonymous_10)
FN:249,(anonymous_11)
FN:309,(anonymous_12)
FN:332,(anonymous_13)
FNF:14
FNH:11
FNDA:197,Tutor
FNDA:1,(anonymous_1)
FNDA:1,(anonymous_2)
FNDA:1,(anonymous_3)
FNDA:0,(anonymous_4)
FNDA:0,(anonymous_5)
FNDA:80,(anonymous_6)
FNDA:0,(anonymous_7)
FNDA:115,(anonymous_8)
FNDA:345,(anonymous_9)
FNDA:1,(anonymous_10)
FNDA:1,(anonymous_11)
FNDA:110,(anonymous_12)
FNDA:1,(anonymous_13)
DA:17,197
DA:18,197
DA:19,197
DA:20,197
DA:21,197
DA:22,197
DA:23,197
DA:24,197
DA:25,197
DA:26,197
DA:29,197
DA:30,197
DA:31,197
DA:32,197
DA:37,197
DA:38,1
DA:39,0
DA:40,0
DA:43,1
DA:44,1
DA:45,1
DA:46,1
DA:47,1
DA:48,1
DA:50,1
DA:51,1
DA:57,1
DA:58,1
DA:60,1
DA:61,1
DA:62,0
DA:63,0
DA:65,0
DA:68,0
DA:69,0
DA:71,0
DA:74,1
DA:78,197
DA:79,1
DA:80,1
DA:82,1
DA:83,1
DA:84,1
DA:85,1
DA:86,1
DA:89,0
DA:90,0
DA:94,1
DA:97,1
DA:98,1
DA:99,1
DA:103,197
DA:104,0
DA:105,0
DA:106,0
DA:108,0
DA:109,0
DA:114,0
DA:115,0
DA:116,0
DA:117,0
DA:119,0
DA:122,0
DA:126,197
DA:163,80
DA:177,0
DA:223,115
DA:239,345
DA:249,1
DA:309,110
DA:334,1
DA:335,1
DA:338,1
DA:339,0
DA:340,0
DA:343,1
DA:344,0
DA:345,0
DA:348,1
DA:349,0
DA:350,0
DA:353,1
DA:355,1
DA:356,1
DA:362,1
DA:364,1
DA:365,0
DA:368,1
DA:370,0
DA:372,1
LF:90
LH:60
BRDA:38,0,0,0
BRDA:38,0,1,1
BRDA:58,1,0,0
BRDA:58,1,1,1
BRDA:58,2,0,0
BRDA:58,2,1,0
BRDA:60,3,0,1
BRDA:60,3,1,0
BRDA:62,4,0,0
BRDA:62,4,1,0
BRDA:68,5,0,0
BRDA:68,5,1,0
BRDA:84,6,0,1
BRDA:84,6,1,0
BRDA:84,7,0,1
BRDA:84,7,1,1
BRDA:85,8,0,1
BRDA:85,8,1,0
BRDA:89,9,0,0
BRDA:89,9,1,0
BRDA:90,10,0,0
BRDA:90,10,1,0
BRDA:104,11,0,0
BRDA:104,11,1,0
BRDA:115,12,0,0
BRDA:115,12,1,0
BRDA:115,13,0,0
BRDA:115,13,1,0
BRDA:119,14,0,0
BRDA:119,14,1,0
BRDA:153,15,0,197
BRDA:153,15,1,0
BRDA:188,16,0,1
BRDA:188,16,1,196
BRDA:200,17,0,197
BRDA:200,17,1,115
BRDA:212,18,0,197
BRDA:212,18,1,0
BRDA:220,19,0,197
BRDA:220,19,1,115
BRDA:258,20,0,115
BRDA:258,20,1,113
BRDA:260,21,0,113
BRDA:260,21,1,0
BRDA:266,22,0,113
BRDA:266,22,1,0
BRDA:280,23,0,197
BRDA:280,23,1,0
BRDA:291,24,0,197
BRDA:291,24,1,113
BRDA:315,25,0,85
BRDA:315,25,1,112
BRDA:317,26,0,50
BRDA:317,26,1,62
BRDA:324,27,0,197
BRDA:324,27,1,112
BRDA:324,27,2,50
BRDA:338,28,0,0
BRDA:338,28,1,1
BRDA:343,29,0,0
BRDA:343,29,1,1
BRDA:348,30,0,0
BRDA:348,30,1,1
BRDA:364,31,0,0
BRDA:364,31,1,1
BRDA:365,32,0,0
BRDA:365,32,1,0
BRDA:370,33,0,0
BRDA:370,33,1,0
BRDA:375,34,0,197
BRDA:375,34,1,196
BRDA:376,35,0,135
BRDA:376,35,1,62
BRDA:381,36,0,1
BRDA:381,36,1,196
BRDA:392,37,0,197
BRDA:392,37,1,0
BRDA:399,38,0,197
BRDA:399,38,1,1
BRF:79
BRH:42
end_of_record
TN:
SF:src/routes/Router.tsx
FN:9,(anonymous_0)
FNF:1
FNH:1
FNDA:1,(anonymous_0)
DA:9,2
DA:10,1
DA:16,2
LF:3
LH:3
BRF:0
BRH:0
end_of_record
