TN:
SF:controllers/evaluateController.js
FN:10,extractJsonObjectLenient
FN:40,evaluateOpen
FNF:2
FNH:2
FNDA:10,extractJsonObjectLenient
FNDA:16,evaluateOpen
DA:11,10
DA:12,10
DA:14,9
DA:15,9
DA:17,2
DA:20,7
DA:23,7
DA:25,1
DA:27,6
DA:30,7
DA:31,7
DA:32,4
DA:34,3
DA:35,3
DA:36,3
DA:41,16
DA:43,16
DA:44,2
DA:49,14
DA:50,1
DA:55,13
DA:56,13
DA:90,13
DA:91,11
DA:94,11
DA:95,11
DA:96,3
DA:98,8
DA:102,8
DA:103,8
DA:104,2
DA:108,6
DA:109,6
DA:114,2
DA:115,2
LF:35
LH:35
BRDA:11,0,0,10
BRDA:11,0,1,1
BRDA:12,1,0,1
BRDA:12,1,1,9
BRDA:15,2,0,2
BRDA:15,2,1,7
BRDA:23,3,0,1
BRDA:23,3,1,6
BRDA:41,4,0,16
BRDA:41,4,1,1
BRDA:43,5,0,2
BRDA:43,5,1,14
BRDA:43,6,0,16
BRDA:43,6,1,14
BRDA:49,7,0,1
BRDA:49,7,1,13
BRDA:49,8,0,14
BRDA:49,8,1,13
BRDA:91,9,0,11
BRDA:91,9,1,1
BRDA:103,10,0,2
BRDA:103,10,1,6
BRDA:103,11,0,8
BRDA:103,11,1,4
BRDA:103,11,2,3
BRDA:114,12,0,2
BRDA:114,12,1,1
BRF:27
BRH:27
end_of_record
TN:
SF:controllers/generateController.js
FN:4,normalizeQuestions
FN:8,(anonymous_1)
FN:9,(anonymous_2)
FN:15,(anonymous_3)
FN:36,(anonymous_4)
FN:50,parseObjectBlocksAndNormalize
FN:69,generateQA
FNF:7
FNH:7
FNDA:8,normalizeQuestions
FNDA:8,(anonymous_1)
FNDA:8,(anonymous_2)
FNDA:4,(anonymous_3)
FNDA:2,(anonymous_4)
FNDA:8,parseObjectBlocksAndNormalize
FNDA:16,generateQA
DA:5,8
DA:7,8
DA:8,8
DA:10,8
DA:12,8
DA:13,8
DA:14,2
DA:16,4
DA:17,3
DA:18,1
DA:23,2
DA:28,8
DA:29,7
DA:36,2
DA:37,1
DA:38,1
DA:41,1
DA:51,8
DA:52,8
DA:53,2
DA:54,2
DA:55,4
DA:56,4
DA:57,3
DA:59,1
DA:62,2
DA:63,2
DA:66,6
DA:71,16
DA:72,16
DA:74,16
DA:75,2
DA:78,14
DA:80,14
DA:81,14
DA:105,14
DA:106,13
DA:109,13
DA:110,13
DA:112,5
DA:113,2
DA:116,3
DA:117,3
DA:124,8
DA:125,8
DA:128,8
DA:129,2
DA:130,2
DA:131,2
DA:132,1
DA:133,1
DA:141,7
DA:142,7
DA:143,2
DA:147,5
DA:148,5
DA:151,1
DA:152,1
DA:161,1
DA:162,1
LF:60
LH:60
BRDA:5,0,0,0
BRDA:5,0,1,8
BRDA:8,1,0,8
BRDA:8,1,1,8
BRDA:10,2,0,8
BRDA:10,2,1,0
BRDA:13,3,0,2
BRDA:13,3,1,6
BRDA:16,4,0,1
BRDA:16,4,1,3
BRDA:17,5,0,1
BRDA:17,5,1,2
BRDA:17,6,0,3
BRDA:17,6,1,2
BRDA:19,7,0,1
BRDA:19,7,1,0
BRDA:28,8,0,7
BRDA:28,8,1,1
BRDA:30,9,0,7
BRDA:30,9,1,0
BRDA:32,10,0,0
BRDA:32,10,1,7
BRDA:37,11,0,1
BRDA:37,11,1,0
BRDA:42,12,0,1
BRDA:42,12,1,0
BRDA:44,13,0,0
BRDA:44,13,1,1
BRDA:52,14,0,2
BRDA:52,14,1,6
BRDA:52,15,0,8
BRDA:52,15,1,2
BRDA:62,16,0,2
BRDA:62,16,1,0
BRDA:71,17,0,16
BRDA:71,17,1,1
BRDA:74,18,0,2
BRDA:74,18,1,14
BRDA:74,19,0,16
BRDA:74,19,1,14
BRDA:78,20,0,13
BRDA:78,20,1,1
BRDA:78,21,0,14
BRDA:78,21,1,14
BRDA:106,22,0,13
BRDA:106,22,1,0
BRDA:112,23,0,2
BRDA:112,23,1,3
BRDA:116,24,0,3
BRDA:116,24,1,0
BRDA:116,25,0,3
BRDA:116,25,1,3
BRDA:128,26,0,2
BRDA:128,26,1,6
BRDA:128,27,0,8
BRDA:128,27,1,4
BRDA:128,27,2,3
BRDA:132,28,0,1
BRDA:132,28,1,0
BRDA:142,29,0,2
BRDA:142,29,1,5
BRF:61
BRH:49
end_of_record
TN:
SF:controllers/readingActivityController.js
FN:17,createReadingActivity
FN:54,listReadingActivities
FNF:2
FNH:2
FNDA:4,createReadingActivity
FNDA:3,listReadingActivities
DA:6,1
DA:18,4
DA:19,4
DA:22,3
DA:29,2
DA:34,2
DA:35,1
DA:36,1
DA:37,1
DA:45,1
DA:46,1
DA:55,3
DA:56,3
DA:58,3
DA:59,3
DA:60,1
DA:63,3
DA:65,2
DA:70,1
DA:71,1
LF:20
LH:20
BRDA:26,0,0,3
BRDA:26,0,1,2
BRDA:34,1,0,1
BRDA:34,1,1,1
BRDA:59,2,0,1
BRDA:59,2,1,2
BRF:6
BRH:6
end_of_record
TN:
SF:controllers/readingResultController.js
FN:24,recalcProjectProgress
FN:54,createReadingResult
FNF:2
FNH:2
FNDA:3,recalcProjectProgress
FNDA:7,createReadingResult
DA:10,1
DA:26,3
DA:29,3
DA:35,3
DA:37,3
DA:41,3
DA:47,3
DA:55,7
DA:56,7
DA:57,6
DA:60,6
DA:61,5
DA:62,1
DA:65,4
DA:67,4
DA:68,1
DA:73,3
DA:75,3
DA:76,1
DA:85,3
DA:86,3
DA:87,3
DA:90,3
DA:104,3
DA:107,3
DA:108,2
DA:111,3
DA:120,2
DA:121,1
DA:122,1
DA:124,1
DA:133,1
DA:134,1
LF:33
LH:33
BRDA:37,0,0,2
BRDA:37,0,1,1
BRDA:61,1,0,1
BRDA:61,1,1,4
BRDA:67,2,0,1
BRDA:67,2,1,3
BRDA:75,3,0,1
BRDA:75,3,1,2
BRDA:86,4,0,3
BRDA:86,4,1,0
BRDA:107,5,0,2
BRDA:107,5,1,1
BRDA:120,6,0,1
BRDA:120,6,1,1
BRF:14
BRH:13
end_of_record
TN:
SF:controllers/uploadController.js
FN:5,uploadFile
FNF:1
FNH:1
FNDA:4,uploadFile
DA:6,4
DA:7,4
DA:8,1
DA:11,3
DA:12,2
DA:13,1
DA:14,1
DA:16,1
DA:17,1
DA:20,1
DA:21,1
LF:11
LH:11
BRDA:7,0,0,1
BRDA:7,0,1,3
BRDA:11,1,0,2
BRDA:11,1,1,1
BRF:4
BRH:4
end_of_record
TN:
SF:routes/authRoutes.js
FN:21,signToken
FN:31,auth
FN:47,(anonymous_2)
FN:94,(anonymous_3)
FN:118,(anonymous_4)
FNF:5
FNH:5
FNDA:8,signToken
FNDA:3,auth
FNDA:11,(anonymous_2)
FNDA:7,(anonymous_3)
FNDA:1,(anonymous_4)
DA:7,1
DA:9,1
DA:16,1
DA:23,8
DA:24,8
DA:26,8
DA:32,3
DA:33,3
DA:34,3
DA:36,3
DA:38,2
DA:39,2
DA:40,1
DA:41,1
DA:43,1
DA:47,1
DA:48,11
DA:52,11
DA:53,11
DA:55,11
DA:60,8
DA:61,7
DA:63,6
DA:65,6
DA:66,6
DA:69,6
DA:70,6
DA:73,1
DA:74,1
DA:77,5
DA:86,4
DA:87,3
DA:89,1
DA:90,1
DA:94,1
DA:95,7
DA:96,7
DA:97,7
DA:98,5
DA:100,4
DA:101,4
DA:103,3
DA:104,2
DA:112,3
DA:113,2
DA:114,2
DA:118,1
DA:119,1
DA:120,1
LF:49
LH:49
BRDA:24,0,0,0
BRDA:24,0,1,8
BRDA:27,1,0,8
BRDA:27,1,1,2
BRDA:32,2,0,3
BRDA:32,2,1,1
BRDA:34,3,0,2
BRDA:34,3,1,1
BRDA:34,4,0,3
BRDA:34,4,1,2
BRDA:36,5,0,1
BRDA:36,5,1,2
BRDA:52,6,0,11
BRDA:52,6,1,9
BRDA:53,7,0,1
BRDA:53,7,1,10
BRDA:61,8,0,1
BRDA:61,8,1,6
BRDA:63,9,0,6
BRDA:63,9,1,0
BRDA:63,10,0,6
BRDA:63,10,1,5
BRDA:65,11,0,6
BRDA:65,11,1,1
BRDA:86,12,0,3
BRDA:86,12,1,1
BRDA:86,13,0,4
BRDA:86,13,1,4
BRDA:98,14,0,1
BRDA:98,14,1,4
BRDA:101,15,0,1
BRDA:101,15,1,3
BRDA:112,16,0,1
BRDA:112,16,1,2
BRDA:112,17,0,3
BRDA:112,17,1,3
BRF:36
BRH:34
end_of_record
TN:
SF:routes/evaluateRoutes.js
FNF:0
FNH:0
DA:4,1
DA:5,1
LF:2
LH:2
BRF:0
BRH:0
end_of_record
TN:
SF:routes/generateRoutes.js
FNF:0
FNH:0
DA:3,1
DA:4,1
LF:2
LH:2
BRF:0
BRH:0
end_of_record
TN:
SF:routes/projectRoutes.js
FN:17,(anonymous_0)
FN:30,(anonymous_1)
FN:71,(anonymous_2)
FN:77,(anonymous_3)
FN:83,(anonymous_4)
FN:94,(anonymous_5)
FNF:6
FNH:6
FNDA:8,(anonymous_0)
FNDA:5,(anonymous_1)
FNDA:2,(anonymous_2)
FNDA:2,(anonymous_3)
FNDA:2,(anonymous_4)
FNDA:2,(anonymous_5)
DA:8,1
DA:9,1
DA:17,1
DA:18,8
DA:19,8
DA:21,8
DA:24,8
DA:25,3
DA:28,5
DA:29,5
DA:30,5
DA:32,5
DA:33,1
DA:37,4
DA:38,2
DA:39,2
DA:40,1
DA:42,1
DA:44,2
DA:48,6
DA:50,6
DA:51,1
DA:54,6
DA:55,1
DA:62,6
DA:63,5
DA:65,1
DA:66,1
DA:71,1
DA:72,2
DA:73,1
DA:74,1
DA:77,1
DA:78,2
DA:79,2
DA:80,1
DA:83,1
DA:84,2
DA:85,2
DA:90,2
DA:91,1
DA:94,1
DA:95,2
DA:96,2
DA:97,1
LF:45
LH:45
BRDA:19,0,0,7
BRDA:19,1,0,7
BRDA:24,2,0,3
BRDA:24,2,1,5
BRDA:24,3,0,8
BRDA:24,3,1,5
BRDA:28,4,0,5
BRDA:28,4,1,0
BRDA:28,5,0,5
BRDA:28,5,1,5
BRDA:28,5,2,1
BRDA:32,6,0,1
BRDA:32,6,1,4
BRDA:37,7,0,2
BRDA:37,7,1,2
BRDA:39,8,0,1
BRDA:39,8,1,1
BRDA:50,9,0,1
BRDA:50,9,1,5
BRDA:54,10,0,1
BRDA:54,10,1,5
BRDA:79,11,0,1
BRDA:79,11,1,1
BRDA:90,12,0,1
BRDA:90,12,1,1
BRDA:96,13,0,1
BRDA:96,13,1,1
BRF:27
BRH:26
end_of_record
TN:
SF:routes/readingActivityRoutes.js
FNF:0
FNH:0
DA:9,1
DA:12,1
DA:13,1
LF:3
LH:3
BRF:0
BRH:0
end_of_record
TN:
SF:routes/readingResultRoutes.js
FNF:0
FNH:0
DA:6,1
DA:8,1
LF:2
LH:2
BRF:0
BRH:0
end_of_record
TN:
SF:routes/teacherRoutes.js
FN:9,requireTeacher
FN:18,(anonymous_1)
FN:32,(anonymous_2)
FN:34,(anonymous_3)
FN:48,(anonymous_4)
FN:69,(anonymous_5)
FNF:6
FNH:6
FNDA:8,requireTeacher
FNDA:4,(anonymous_1)
FNDA:2,(anonymous_2)
FNDA:4,(anonymous_3)
FNDA:2,(anonymous_4)
FNDA:1,(anonymous_5)
DA:7,1
DA:10,8
DA:11,1
DA:18,1
DA:19,4
DA:21,4
DA:22,4
DA:23,1
DA:29,4
DA:31,4
DA:32,4
DA:34,4
DA:41,4
DA:48,1
DA:49,2
DA:51,2
DA:52,2
DA:53,1
DA:56,1
DA:62,1
DA:69,1
DA:70,1
DA:71,1
DA:72,1
LF:24
LH:24
BRDA:10,0,0,7
BRDA:10,0,1,1
BRDA:10,1,0,8
BRDA:10,1,1,2
BRDA:19,2,0,4
BRDA:19,2,1,3
BRDA:22,3,0,1
BRDA:22,3,1,3
BRDA:52,4,0,1
BRDA:52,4,1,1
BRF:10
BRH:10
end_of_record
TN:
SF:routes/uploadRoutes.js
FNF:0
FNH:0
DA:5,1
DA:6,1
DA:8,1
LF:3
LH:3
BRF:0
BRH:0
end_of_record
TN:
SF:utils/n8nClient.js
FN:4,notifyReadingCompleted
FNF:1
FNH:1
FNDA:5,notifyReadingCompleted
DA:5,5
DA:6,5
DA:7,1
DA:8,1
DA:11,4
DA:12,4
DA:31,1
LF:7
LH:7
BRDA:6,0,0,1
BRDA:6,0,1,4
BRDA:20,1,0,4
BRDA:20,1,1,3
BRDA:21,2,0,4
BRDA:21,2,1,3
BRF:6
BRH:6
end_of_record
TN:
SF:utils/ollamaClient.js
FN:4,ollamaRequest
FN:17,(anonymous_1)
FNF:2
FNH:2
FNDA:8,ollamaRequest
FNDA:1,(anonymous_1)
DA:2,8
DA:5,8
DA:16,8
DA:17,4
DA:18,4
DA:19,4
DA:22,4
DA:23,4
DA:24,4
LF:9
LH:9
BRDA:2,0,0,8
BRDA:2,0,1,7
BRDA:16,1,0,4
BRDA:16,1,1,4
BRDA:17,2,0,3
BRDA:17,2,1,1
BRDA:18,3,0,4
BRDA:18,3,1,1
BRDA:23,4,0,4
BRDA:23,4,1,1
BRF:10
BRH:10
end_of_record
