TN:
SF:controllers\evaluateController.js
FN:3,(anonymous_0)
FNF:1
FNH:1
FNDA:9,(anonymous_0)
DA:1,3
DA:3,3
DA:4,9
DA:7,9
DA:8,2
DA:11,7
DA:12,2
DA:15,5
DA:16,5
DA:50,5
DA:52,4
DA:53,4
DA:54,3
DA:56,1
DA:57,1
DA:63,1
DA:64,1
LF:17
LH:17
BRDA:4,0,0,9
BRDA:4,0,1,0
BRDA:7,1,0,2
BRDA:7,1,1,7
BRDA:7,2,0,9
BRDA:7,2,1,7
BRDA:11,3,0,2
BRDA:11,3,1,5
BRDA:11,4,0,7
BRDA:11,4,1,5
BRF:10
BRH:9
end_of_record
TN:
SF:controllers\generateController.js
FN:3,(anonymous_0)
FNF:1
FNH:1
FNDA:9,(anonymous_0)
DA:1,3
DA:3,3
DA:4,9
DA:5,9
DA:6,3
DA:9,6
DA:11,6
DA:12,6
DA:36,6
DA:37,5
DA:38,5
DA:39,4
DA:41,1
DA:42,1
DA:45,1
DA:46,1
LF:16
LH:16
BRDA:4,0,0,9
BRDA:4,0,1,0
BRDA:5,1,0,3
BRDA:5,1,1,6
BRDA:5,2,0,9
BRDA:5,2,1,6
BRDA:9,3,0,5
BRDA:9,3,1,1
BRDA:9,4,0,6
BRDA:9,4,1,5
BRF:10
BRH:9
end_of_record
TN:
SF:controllers\uploadController.js
FN:4,(anonymous_0)
FNF:1
FNH:1
FNDA:7,(anonymous_0)
DA:1,3
DA:2,3
DA:4,3
DA:5,7
DA:6,7
DA:7,2
DA:10,5
DA:14,4
DA:15,3
DA:16,3
DA:18,1
DA:19,1
DA:22,1
DA:23,1
LF:14
LH:14
BRDA:6,0,0,2
BRDA:6,0,1,5
BRDA:10,1,0,4
BRDA:10,1,1,1
BRF:4
BRH:4
end_of_record
TN:
SF:routes\evaluateRoutes.js
FNF:0
FNH:0
DA:1,2
DA:2,2
DA:4,2
DA:5,2
DA:7,2
LF:5
LH:5
BRF:0
BRH:0
end_of_record
TN:
SF:routes\generateRoutes.js
FNF:0
FNH:0
DA:1,2
DA:2,2
DA:4,2
DA:5,2
DA:7,2
LF:5
LH:5
BRF:0
BRH:0
end_of_record
TN:
SF:routes\uploadRoutes.js
FNF:0
FNH:0
DA:1,2
DA:2,2
DA:3,2
DA:5,2
DA:6,2
DA:8,2
DA:10,2
LF:7
LH:7
BRF:0
BRH:0
end_of_record
TN:
SF:utils\ollamaClient.js
FN:1,(anonymous_0)
FN:14,(anonymous_1)
FN:15,(anonymous_2)
FNF:3
FNH:3
FNDA:3,(anonymous_0)
FNDA:3,(anonymous_1)
FNDA:2,(anonymous_2)
DA:1,1
DA:2,3
DA:8,2
DA:10,2
DA:11,2
DA:14,3
DA:15,2
DA:17,1
LF:8
LH:8
BRF:0
BRH:0
end_of_record
